The system is: Darwin - 21.1.0 - arm64
Compiling the C compiler identification source file "CMakeCCompilerId.c" succeeded.
Compiler: /Library/Developer/CommandLineTools/usr/bin/cc 
Build flags: 
Id flags: -c 

The output was:
0


Compilation of the C compiler identification source "CMakeCCompilerId.c" produced "CMakeCCompilerId.o"

The C compiler identification is AppleClang, found in "/Users/paulplanchon/dev/raytracing/pray/build/CMakeFiles/3.22.0/CompilerIdC/CMakeCCompilerId.o"

Compiling the CXX compiler identification source file "CMakeCXXCompilerId.cpp" succeeded.
Compiler: /Library/Developer/CommandLineTools/usr/bin/c++ 
Build flags: 
Id flags: -c 

The output was:
0


Compilation of the CXX compiler identification source "CMakeCXXCompilerId.cpp" produced "CMakeCXXCompilerId.o"

The CXX compiler identification is AppleClang, found in "/Users/paulplanchon/dev/raytracing/pray/build/CMakeFiles/3.22.0/CompilerIdCXX/CMakeCXXCompilerId.o"

Detecting C compiler ABI info compiled with the following output:
Change Dir: /Users/paulplanchon/dev/raytracing/pray/build/CMakeFiles/CMakeTmp

Run Build Command(s):/usr/bin/make -f Makefile cmTC_e260f/fast && /Library/Developer/CommandLineTools/usr/bin/make  -f CMakeFiles/cmTC_e260f.dir/build.make CMakeFiles/cmTC_e260f.dir/build
Building C object CMakeFiles/cmTC_e260f.dir/CMakeCCompilerABI.c.o
/Library/Developer/CommandLineTools/usr/bin/cc   -arch arm64 -isysroot /Library/Developer/CommandLineTools/SDKs/MacOSX12.0.sdk   -v -Wl,-v -MD -MT CMakeFiles/cmTC_e260f.dir/CMakeCCompilerABI.c.o -MF CMakeFiles/cmTC_e260f.dir/CMakeCCompilerABI.c.o.d -o CMakeFiles/cmTC_e260f.dir/CMakeCCompilerABI.c.o -c /opt/homebrew/Cellar/cmake/3.22.0/share/cmake/Modules/CMakeCCompilerABI.c
Apple clang version 13.0.0 (clang-1300.0.29.3)
Target: arm64-apple-darwin21.1.0
Thread model: posix
InstalledDir: /Library/Developer/CommandLineTools/usr/bin
clang: warning: -Wl,-v: 'linker' input unused [-Wunused-command-line-argument]
 "/Library/Developer/CommandLineTools/usr/bin/clang" -cc1 -triple arm64-apple-macosx12.0.0 -Wundef-prefix=TARGET_OS_ -Wdeprecated-objc-isa-usage -Werror=deprecated-objc-isa-usage -Werror=implicit-function-declaration -emit-obj -mrelax-all --mrelax-relocations -disable-free -disable-llvm-verifier -discard-value-names -main-file-name CMakeCCompilerABI.c -mrelocation-model pic -pic-level 2 -mframe-pointer=non-leaf -fno-strict-return -fno-rounding-math -munwind-tables -target-sdk-version=12.0 -fvisibility-inlines-hidden-static-local-var -target-cpu apple-m1 -target-feature +v8.5a -target-feature +fp-armv8 -target-feature +neon -target-feature +crc -target-feature +crypto -target-feature +dotprod -target-feature +fp16fml -target-feature +ras -target-feature +lse -target-feature +rdm -target-feature +rcpc -target-feature +zcm -target-feature +zcz -target-feature +fullfp16 -target-feature +sm4 -target-feature +sha3 -target-feature +sha2 -target-feature +aes -target-abi darwinpcs -fallow-half-arguments-and-returns -debugger-tuning=lldb -target-linker-version 711 -v -resource-dir /Library/Developer/CommandLineTools/usr/lib/clang/13.0.0 -dependency-file CMakeFiles/cmTC_e260f.dir/CMakeCCompilerABI.c.o.d -skip-unused-modulemap-deps -MT CMakeFiles/cmTC_e260f.dir/CMakeCCompilerABI.c.o -sys-header-deps -isysroot /Library/Developer/CommandLineTools/SDKs/MacOSX12.0.sdk -internal-isystem /Library/Developer/CommandLineTools/SDKs/MacOSX12.0.sdk/usr/local/include -internal-isystem /Library/Developer/CommandLineTools/usr/lib/clang/13.0.0/include -internal-externc-isystem /Library/Developer/CommandLineTools/SDKs/MacOSX12.0.sdk/usr/include -internal-externc-isystem /Library/Developer/CommandLineTools/usr/include -Wno-reorder-init-list -Wno-implicit-int-float-conversion -Wno-c99-designator -Wno-final-dtor-non-final-class -Wno-extra-semi-stmt -Wno-misleading-indentation -Wno-quoted-include-in-framework-header -Wno-implicit-fallthrough -Wno-enum-enum-conversion -Wno-enum-float-conversion -Wno-elaborated-enum-base -fdebug-compilation-dir /Users/paulplanchon/dev/raytracing/pray/build/CMakeFiles/CMakeTmp -ferror-limit 19 -stack-protector 1 -fstack-check -mdarwin-stkchk-strong-link -fblocks -fencode-extended-block-signature -fregister-global-dtors-with-atexit -fgnuc-version=4.2.1 -fmax-type-align=16 -fcommon -clang-vendor-feature=+nullptrToBoolConversion -clang-vendor-feature=+messageToSelfInClassMethodIdReturnType -clang-vendor-feature=+disableInferNewAvailabilityFromInit -clang-vendor-feature=+disableNeonImmediateRangeCheck -clang-vendor-feature=+disableNonDependentMemberExprInCurrentInstantiation -fno-odr-hash-protocols -clang-vendor-feature=+revert09abecef7bbf -mllvm -disable-aligned-alloc-awareness=1 -mllvm -enable-dse-memoryssa=0 -o CMakeFiles/cmTC_e260f.dir/CMakeCCompilerABI.c.o -x c /opt/homebrew/Cellar/cmake/3.22.0/share/cmake/Modules/CMakeCCompilerABI.c
clang -cc1 version 13.0.0 (clang-1300.0.29.3) default target arm64-apple-darwin21.1.0
ignoring nonexistent directory "/Library/Developer/CommandLineTools/SDKs/MacOSX12.0.sdk/usr/local/include"
ignoring nonexistent directory "/Library/Developer/CommandLineTools/SDKs/MacOSX12.0.sdk/Library/Frameworks"
#include "..." search starts here:
#include <...> search starts here:
 /Library/Developer/CommandLineTools/usr/lib/clang/13.0.0/include
 /Library/Developer/CommandLineTools/SDKs/MacOSX12.0.sdk/usr/include
 /Library/Developer/CommandLineTools/usr/include
 /Library/Developer/CommandLineTools/SDKs/MacOSX12.0.sdk/System/Library/Frameworks (framework directory)
End of search list.
Linking C executable cmTC_e260f
/opt/homebrew/Cellar/cmake/3.22.0/bin/cmake -E cmake_link_script CMakeFiles/cmTC_e260f.dir/link.txt --verbose=1
/Library/Developer/CommandLineTools/usr/bin/cc  -arch arm64 -isysroot /Library/Developer/CommandLineTools/SDKs/MacOSX12.0.sdk -Wl,-search_paths_first -Wl,-headerpad_max_install_names  -v -Wl,-v CMakeFiles/cmTC_e260f.dir/CMakeCCompilerABI.c.o -o cmTC_e260f 
Apple clang version 13.0.0 (clang-1300.0.29.3)
Target: arm64-apple-darwin21.1.0
Thread model: posix
InstalledDir: /Library/Developer/CommandLineTools/usr/bin
 "/Library/Developer/CommandLineTools/usr/bin/ld" -demangle -lto_library /Library/Developer/CommandLineTools/usr/lib/libLTO.dylib -dynamic -arch arm64 -platform_version macos 12.0.0 12.0 -syslibroot /Library/Developer/CommandLineTools/SDKs/MacOSX12.0.sdk -o cmTC_e260f -search_paths_first -headerpad_max_install_names -v CMakeFiles/cmTC_e260f.dir/CMakeCCompilerABI.c.o -lSystem /Library/Developer/CommandLineTools/usr/lib/clang/13.0.0/lib/darwin/libclang_rt.osx.a
@(#)PROGRAM:ld  PROJECT:ld64-711
BUILD 18:11:19 Aug  3 2021
configured to support archs: armv6 armv7 armv7s arm64 arm64e arm64_32 i386 x86_64 x86_64h armv6m armv7k armv7m armv7em
Library search paths:
	/Library/Developer/CommandLineTools/SDKs/MacOSX12.0.sdk/usr/lib
Framework search paths:
	/Library/Developer/CommandLineTools/SDKs/MacOSX12.0.sdk/System/Library/Frameworks/



Parsed C implicit include dir info from above output: rv=done
  found start of include info
  found start of implicit include info
    add: [/Library/Developer/CommandLineTools/usr/lib/clang/13.0.0/include]
    add: [/Library/Developer/CommandLineTools/SDKs/MacOSX12.0.sdk/usr/include]
    add: [/Library/Developer/CommandLineTools/usr/include]
  end of search list found
  collapse include dir [/Library/Developer/CommandLineTools/usr/lib/clang/13.0.0/include] ==> [/Library/Developer/CommandLineTools/usr/lib/clang/13.0.0/include]
  collapse include dir [/Library/Developer/CommandLineTools/SDKs/MacOSX12.0.sdk/usr/include] ==> [/Library/Developer/CommandLineTools/SDKs/MacOSX12.0.sdk/usr/include]
  collapse include dir [/Library/Developer/CommandLineTools/usr/include] ==> [/Library/Developer/CommandLineTools/usr/include]
  implicit include dirs: [/Library/Developer/CommandLineTools/usr/lib/clang/13.0.0/include;/Library/Developer/CommandLineTools/SDKs/MacOSX12.0.sdk/usr/include;/Library/Developer/CommandLineTools/usr/include]


Parsed C implicit link information from above output:
  link line regex: [^( *|.*[/\])(ld|CMAKE_LINK_STARTFILE-NOTFOUND|([^/\]+-)?ld|collect2)[^/\]*( |$)]
  ignore line: [Change Dir: /Users/paulplanchon/dev/raytracing/pray/build/CMakeFiles/CMakeTmp]
  ignore line: []
  ignore line: [Run Build Command(s):/usr/bin/make -f Makefile cmTC_e260f/fast && /Library/Developer/CommandLineTools/usr/bin/make  -f CMakeFiles/cmTC_e260f.dir/build.make CMakeFiles/cmTC_e260f.dir/build]
  ignore line: [Building C object CMakeFiles/cmTC_e260f.dir/CMakeCCompilerABI.c.o]
  ignore line: [/Library/Developer/CommandLineTools/usr/bin/cc   -arch arm64 -isysroot /Library/Developer/CommandLineTools/SDKs/MacOSX12.0.sdk   -v -Wl -v -MD -MT CMakeFiles/cmTC_e260f.dir/CMakeCCompilerABI.c.o -MF CMakeFiles/cmTC_e260f.dir/CMakeCCompilerABI.c.o.d -o CMakeFiles/cmTC_e260f.dir/CMakeCCompilerABI.c.o -c /opt/homebrew/Cellar/cmake/3.22.0/share/cmake/Modules/CMakeCCompilerABI.c]
  ignore line: [Apple clang version 13.0.0 (clang-1300.0.29.3)]
  ignore line: [Target: arm64-apple-darwin21.1.0]
  ignore line: [Thread model: posix]
  ignore line: [InstalledDir: /Library/Developer/CommandLineTools/usr/bin]
  ignore line: [clang: warning: -Wl -v: 'linker' input unused [-Wunused-command-line-argument]]
  ignore line: [ "/Library/Developer/CommandLineTools/usr/bin/clang" -cc1 -triple arm64-apple-macosx12.0.0 -Wundef-prefix=TARGET_OS_ -Wdeprecated-objc-isa-usage -Werror=deprecated-objc-isa-usage -Werror=implicit-function-declaration -emit-obj -mrelax-all --mrelax-relocations -disable-free -disable-llvm-verifier -discard-value-names -main-file-name CMakeCCompilerABI.c -mrelocation-model pic -pic-level 2 -mframe-pointer=non-leaf -fno-strict-return -fno-rounding-math -munwind-tables -target-sdk-version=12.0 -fvisibility-inlines-hidden-static-local-var -target-cpu apple-m1 -target-feature +v8.5a -target-feature +fp-armv8 -target-feature +neon -target-feature +crc -target-feature +crypto -target-feature +dotprod -target-feature +fp16fml -target-feature +ras -target-feature +lse -target-feature +rdm -target-feature +rcpc -target-feature +zcm -target-feature +zcz -target-feature +fullfp16 -target-feature +sm4 -target-feature +sha3 -target-feature +sha2 -target-feature +aes -target-abi darwinpcs -fallow-half-arguments-and-returns -debugger-tuning=lldb -target-linker-version 711 -v -resource-dir /Library/Developer/CommandLineTools/usr/lib/clang/13.0.0 -dependency-file CMakeFiles/cmTC_e260f.dir/CMakeCCompilerABI.c.o.d -skip-unused-modulemap-deps -MT CMakeFiles/cmTC_e260f.dir/CMakeCCompilerABI.c.o -sys-header-deps -isysroot /Library/Developer/CommandLineTools/SDKs/MacOSX12.0.sdk -internal-isystem /Library/Developer/CommandLineTools/SDKs/MacOSX12.0.sdk/usr/local/include -internal-isystem /Library/Developer/CommandLineTools/usr/lib/clang/13.0.0/include -internal-externc-isystem /Library/Developer/CommandLineTools/SDKs/MacOSX12.0.sdk/usr/include -internal-externc-isystem /Library/Developer/CommandLineTools/usr/include -Wno-reorder-init-list -Wno-implicit-int-float-conversion -Wno-c99-designator -Wno-final-dtor-non-final-class -Wno-extra-semi-stmt -Wno-misleading-indentation -Wno-quoted-include-in-framework-header -Wno-implicit-fallthrough -Wno-enum-enum-conversion -Wno-enum-float-conversion -Wno-elaborated-enum-base -fdebug-compilation-dir /Users/paulplanchon/dev/raytracing/pray/build/CMakeFiles/CMakeTmp -ferror-limit 19 -stack-protector 1 -fstack-check -mdarwin-stkchk-strong-link -fblocks -fencode-extended-block-signature -fregister-global-dtors-with-atexit -fgnuc-version=4.2.1 -fmax-type-align=16 -fcommon -clang-vendor-feature=+nullptrToBoolConversion -clang-vendor-feature=+messageToSelfInClassMethodIdReturnType -clang-vendor-feature=+disableInferNewAvailabilityFromInit -clang-vendor-feature=+disableNeonImmediateRangeCheck -clang-vendor-feature=+disableNonDependentMemberExprInCurrentInstantiation -fno-odr-hash-protocols -clang-vendor-feature=+revert09abecef7bbf -mllvm -disable-aligned-alloc-awareness=1 -mllvm -enable-dse-memoryssa=0 -o CMakeFiles/cmTC_e260f.dir/CMakeCCompilerABI.c.o -x c /opt/homebrew/Cellar/cmake/3.22.0/share/cmake/Modules/CMakeCCompilerABI.c]
  ignore line: [clang -cc1 version 13.0.0 (clang-1300.0.29.3) default target arm64-apple-darwin21.1.0]
  ignore line: [ignoring nonexistent directory "/Library/Developer/CommandLineTools/SDKs/MacOSX12.0.sdk/usr/local/include"]
  ignore line: [ignoring nonexistent directory "/Library/Developer/CommandLineTools/SDKs/MacOSX12.0.sdk/Library/Frameworks"]
  ignore line: [#include "..." search starts here:]
  ignore line: [#include <...> search starts here:]
  ignore line: [ /Library/Developer/CommandLineTools/usr/lib/clang/13.0.0/include]
  ignore line: [ /Library/Developer/CommandLineTools/SDKs/MacOSX12.0.sdk/usr/include]
  ignore line: [ /Library/Developer/CommandLineTools/usr/include]
  ignore line: [ /Library/Developer/CommandLineTools/SDKs/MacOSX12.0.sdk/System/Library/Frameworks (framework directory)]
  ignore line: [End of search list.]
  ignore line: [Linking C executable cmTC_e260f]
  ignore line: [/opt/homebrew/Cellar/cmake/3.22.0/bin/cmake -E cmake_link_script CMakeFiles/cmTC_e260f.dir/link.txt --verbose=1]
  ignore line: [/Library/Developer/CommandLineTools/usr/bin/cc  -arch arm64 -isysroot /Library/Developer/CommandLineTools/SDKs/MacOSX12.0.sdk -Wl -search_paths_first -Wl -headerpad_max_install_names  -v -Wl -v CMakeFiles/cmTC_e260f.dir/CMakeCCompilerABI.c.o -o cmTC_e260f ]
  ignore line: [Apple clang version 13.0.0 (clang-1300.0.29.3)]
  ignore line: [Target: arm64-apple-darwin21.1.0]
  ignore line: [Thread model: posix]
  ignore line: [InstalledDir: /Library/Developer/CommandLineTools/usr/bin]
  link line: [ "/Library/Developer/CommandLineTools/usr/bin/ld" -demangle -lto_library /Library/Developer/CommandLineTools/usr/lib/libLTO.dylib -dynamic -arch arm64 -platform_version macos 12.0.0 12.0 -syslibroot /Library/Developer/CommandLineTools/SDKs/MacOSX12.0.sdk -o cmTC_e260f -search_paths_first -headerpad_max_install_names -v CMakeFiles/cmTC_e260f.dir/CMakeCCompilerABI.c.o -lSystem /Library/Developer/CommandLineTools/usr/lib/clang/13.0.0/lib/darwin/libclang_rt.osx.a]
    arg [/Library/Developer/CommandLineTools/usr/bin/ld] ==> ignore
    arg [-demangle] ==> ignore
    arg [-lto_library] ==> ignore, skip following value
    arg [/Library/Developer/CommandLineTools/usr/lib/libLTO.dylib] ==> skip value of -lto_library
    arg [-dynamic] ==> ignore
    arg [-arch] ==> ignore
    arg [arm64] ==> ignore
    arg [-platform_version] ==> ignore
    arg [macos] ==> ignore
    arg [12.0.0] ==> ignore
    arg [12.0] ==> ignore
    arg [-syslibroot] ==> ignore
    arg [/Library/Developer/CommandLineTools/SDKs/MacOSX12.0.sdk] ==> ignore
    arg [-o] ==> ignore
    arg [cmTC_e260f] ==> ignore
    arg [-search_paths_first] ==> ignore
    arg [-headerpad_max_install_names] ==> ignore
    arg [-v] ==> ignore
    arg [CMakeFiles/cmTC_e260f.dir/CMakeCCompilerABI.c.o] ==> ignore
    arg [-lSystem] ==> lib [System]
    arg [/Library/Developer/CommandLineTools/usr/lib/clang/13.0.0/lib/darwin/libclang_rt.osx.a] ==> lib [/Library/Developer/CommandLineTools/usr/lib/clang/13.0.0/lib/darwin/libclang_rt.osx.a]
  Library search paths: [;/Library/Developer/CommandLineTools/SDKs/MacOSX12.0.sdk/usr/lib]
  Framework search paths: [;/Library/Developer/CommandLineTools/SDKs/MacOSX12.0.sdk/System/Library/Frameworks/]
  remove lib [System]
  remove lib [/Library/Developer/CommandLineTools/usr/lib/clang/13.0.0/lib/darwin/libclang_rt.osx.a]
  collapse library dir [/Library/Developer/CommandLineTools/SDKs/MacOSX12.0.sdk/usr/lib] ==> [/Library/Developer/CommandLineTools/SDKs/MacOSX12.0.sdk/usr/lib]
  collapse framework dir [/Library/Developer/CommandLineTools/SDKs/MacOSX12.0.sdk/System/Library/Frameworks/] ==> [/Library/Developer/CommandLineTools/SDKs/MacOSX12.0.sdk/System/Library/Frameworks]
  implicit libs: []
  implicit objs: []
  implicit dirs: [/Library/Developer/CommandLineTools/SDKs/MacOSX12.0.sdk/usr/lib]
  implicit fwks: [/Library/Developer/CommandLineTools/SDKs/MacOSX12.0.sdk/System/Library/Frameworks]


Detecting CXX compiler ABI info compiled with the following output:
Change Dir: /Users/paulplanchon/dev/raytracing/pray/build/CMakeFiles/CMakeTmp

Run Build Command(s):/usr/bin/make -f Makefile cmTC_c3093/fast && /Library/Developer/CommandLineTools/usr/bin/make  -f CMakeFiles/cmTC_c3093.dir/build.make CMakeFiles/cmTC_c3093.dir/build
Building CXX object CMakeFiles/cmTC_c3093.dir/CMakeCXXCompilerABI.cpp.o
/Library/Developer/CommandLineTools/usr/bin/c++   -arch arm64 -isysroot /Library/Developer/CommandLineTools/SDKs/MacOSX12.0.sdk   -v -Wl,-v -MD -MT CMakeFiles/cmTC_c3093.dir/CMakeCXXCompilerABI.cpp.o -MF CMakeFiles/cmTC_c3093.dir/CMakeCXXCompilerABI.cpp.o.d -o CMakeFiles/cmTC_c3093.dir/CMakeCXXCompilerABI.cpp.o -c /opt/homebrew/Cellar/cmake/3.22.0/share/cmake/Modules/CMakeCXXCompilerABI.cpp
Apple clang version 13.0.0 (clang-1300.0.29.3)
Target: arm64-apple-darwin21.1.0
Thread model: posix
InstalledDir: /Library/Developer/CommandLineTools/usr/bin
clang: warning: -Wl,-v: 'linker' input unused [-Wunused-command-line-argument]
 "/Library/Developer/CommandLineTools/usr/bin/clang" -cc1 -triple arm64-apple-macosx12.0.0 -Wundef-prefix=TARGET_OS_ -Wdeprecated-objc-isa-usage -Werror=deprecated-objc-isa-usage -Werror=implicit-function-declaration -emit-obj -mrelax-all --mrelax-relocations -disable-free -disable-llvm-verifier -discard-value-names -main-file-name CMakeCXXCompilerABI.cpp -mrelocation-model pic -pic-level 2 -mframe-pointer=non-leaf -fno-strict-return -fno-rounding-math -munwind-tables -target-sdk-version=12.0 -fvisibility-inlines-hidden-static-local-var -target-cpu apple-m1 -target-feature +v8.5a -target-feature +fp-armv8 -target-feature +neon -target-feature +crc -target-feature +crypto -target-feature +dotprod -target-feature +fp16fml -target-feature +ras -target-feature +lse -target-feature +rdm -target-feature +rcpc -target-feature +zcm -target-feature +zcz -target-feature +fullfp16 -target-feature +sm4 -target-feature +sha3 -target-feature +sha2 -target-feature +aes -target-abi darwinpcs -fallow-half-arguments-and-returns -debugger-tuning=lldb -target-linker-version 711 -v -resource-dir /Library/Developer/CommandLineTools/usr/lib/clang/13.0.0 -dependency-file CMakeFiles/cmTC_c3093.dir/CMakeCXXCompilerABI.cpp.o.d -skip-unused-modulemap-deps -MT CMakeFiles/cmTC_c3093.dir/CMakeCXXCompilerABI.cpp.o -sys-header-deps -isysroot /Library/Developer/CommandLineTools/SDKs/MacOSX12.0.sdk -stdlib=libc++ -internal-isystem /Library/Developer/CommandLineTools/SDKs/MacOSX12.0.sdk/usr/include/c++/v1 -internal-isystem /Library/Developer/CommandLineTools/SDKs/MacOSX12.0.sdk/usr/local/include -internal-isystem /Library/Developer/CommandLineTools/usr/lib/clang/13.0.0/include -internal-externc-isystem /Library/Developer/CommandLineTools/SDKs/MacOSX12.0.sdk/usr/include -internal-externc-isystem /Library/Developer/CommandLineTools/usr/include -Wno-reorder-init-list -Wno-implicit-int-float-conversion -Wno-c99-designator -Wno-final-dtor-non-final-class -Wno-extra-semi-stmt -Wno-misleading-indentation -Wno-quoted-include-in-framework-header -Wno-implicit-fallthrough -Wno-enum-enum-conversion -Wno-enum-float-conversion -Wno-elaborated-enum-base -fdeprecated-macro -fdebug-compilation-dir /Users/paulplanchon/dev/raytracing/pray/build/CMakeFiles/CMakeTmp -ferror-limit 19 -stack-protector 1 -fstack-check -mdarwin-stkchk-strong-link -fblocks -fencode-extended-block-signature -fregister-global-dtors-with-atexit -fgnuc-version=4.2.1 -fno-cxx-modules -fcxx-exceptions -fexceptions -fmax-type-align=16 -fcommon -clang-vendor-feature=+nullptrToBoolConversion -clang-vendor-feature=+messageToSelfInClassMethodIdReturnType -clang-vendor-feature=+disableInferNewAvailabilityFromInit -clang-vendor-feature=+disableNeonImmediateRangeCheck -clang-vendor-feature=+disableNonDependentMemberExprInCurrentInstantiation -fno-odr-hash-protocols -clang-vendor-feature=+revert09abecef7bbf -mllvm -disable-aligned-alloc-awareness=1 -mllvm -enable-dse-memoryssa=0 -o CMakeFiles/cmTC_c3093.dir/CMakeCXXCompilerABI.cpp.o -x c++ /opt/homebrew/Cellar/cmake/3.22.0/share/cmake/Modules/CMakeCXXCompilerABI.cpp
clang -cc1 version 13.0.0 (clang-1300.0.29.3) default target arm64-apple-darwin21.1.0
ignoring nonexistent directory "/Library/Developer/CommandLineTools/SDKs/MacOSX12.0.sdk/usr/local/include"
ignoring nonexistent directory "/Library/Developer/CommandLineTools/SDKs/MacOSX12.0.sdk/Library/Frameworks"
#include "..." search starts here:
#include <...> search starts here:
 /Library/Developer/CommandLineTools/SDKs/MacOSX12.0.sdk/usr/include/c++/v1
 /Library/Developer/CommandLineTools/usr/lib/clang/13.0.0/include
 /Library/Developer/CommandLineTools/SDKs/MacOSX12.0.sdk/usr/include
 /Library/Developer/CommandLineTools/usr/include
 /Library/Developer/CommandLineTools/SDKs/MacOSX12.0.sdk/System/Library/Frameworks (framework directory)
End of search list.
Linking CXX executable cmTC_c3093
/opt/homebrew/Cellar/cmake/3.22.0/bin/cmake -E cmake_link_script CMakeFiles/cmTC_c3093.dir/link.txt --verbose=1
/Library/Developer/CommandLineTools/usr/bin/c++  -arch arm64 -isysroot /Library/Developer/CommandLineTools/SDKs/MacOSX12.0.sdk -Wl,-search_paths_first -Wl,-headerpad_max_install_names  -v -Wl,-v CMakeFiles/cmTC_c3093.dir/CMakeCXXCompilerABI.cpp.o -o cmTC_c3093 
Apple clang version 13.0.0 (clang-1300.0.29.3)
Target: arm64-apple-darwin21.1.0
Thread model: posix
InstalledDir: /Library/Developer/CommandLineTools/usr/bin
 "/Library/Developer/CommandLineTools/usr/bin/ld" -demangle -lto_library /Library/Developer/CommandLineTools/usr/lib/libLTO.dylib -dynamic -arch arm64 -platform_version macos 12.0.0 12.0 -syslibroot /Library/Developer/CommandLineTools/SDKs/MacOSX12.0.sdk -o cmTC_c3093 -search_paths_first -headerpad_max_install_names -v CMakeFiles/cmTC_c3093.dir/CMakeCXXCompilerABI.cpp.o -lc++ -lSystem /Library/Developer/CommandLineTools/usr/lib/clang/13.0.0/lib/darwin/libclang_rt.osx.a
@(#)PROGRAM:ld  PROJECT:ld64-711
BUILD 18:11:19 Aug  3 2021
configured to support archs: armv6 armv7 armv7s arm64 arm64e arm64_32 i386 x86_64 x86_64h armv6m armv7k armv7m armv7em
Library search paths:
	/Library/Developer/CommandLineTools/SDKs/MacOSX12.0.sdk/usr/lib
Framework search paths:
	/Library/Developer/CommandLineTools/SDKs/MacOSX12.0.sdk/System/Library/Frameworks/



Parsed CXX implicit include dir info from above output: rv=done
  found start of include info
  found start of implicit include info
    add: [/Library/Developer/CommandLineTools/SDKs/MacOSX12.0.sdk/usr/include/c++/v1]
    add: [/Library/Developer/CommandLineTools/usr/lib/clang/13.0.0/include]
    add: [/Library/Developer/CommandLineTools/SDKs/MacOSX12.0.sdk/usr/include]
    add: [/Library/Developer/CommandLineTools/usr/include]
  end of search list found
  collapse include dir [/Library/Developer/CommandLineTools/SDKs/MacOSX12.0.sdk/usr/include/c++/v1] ==> [/Library/Developer/CommandLineTools/SDKs/MacOSX12.0.sdk/usr/include/c++/v1]
  collapse include dir [/Library/Developer/CommandLineTools/usr/lib/clang/13.0.0/include] ==> [/Library/Developer/CommandLineTools/usr/lib/clang/13.0.0/include]
  collapse include dir [/Library/Developer/CommandLineTools/SDKs/MacOSX12.0.sdk/usr/include] ==> [/Library/Developer/CommandLineTools/SDKs/MacOSX12.0.sdk/usr/include]
  collapse include dir [/Library/Developer/CommandLineTools/usr/include] ==> [/Library/Developer/CommandLineTools/usr/include]
  implicit include dirs: [/Library/Developer/CommandLineTools/SDKs/MacOSX12.0.sdk/usr/include/c++/v1;/Library/Developer/CommandLineTools/usr/lib/clang/13.0.0/include;/Library/Developer/CommandLineTools/SDKs/MacOSX12.0.sdk/usr/include;/Library/Developer/CommandLineTools/usr/include]


Parsed CXX implicit link information from above output:
  link line regex: [^( *|.*[/\])(ld|CMAKE_LINK_STARTFILE-NOTFOUND|([^/\]+-)?ld|collect2)[^/\]*( |$)]
  ignore line: [Change Dir: /Users/paulplanchon/dev/raytracing/pray/build/CMakeFiles/CMakeTmp]
  ignore line: []
  ignore line: [Run Build Command(s):/usr/bin/make -f Makefile cmTC_c3093/fast && /Library/Developer/CommandLineTools/usr/bin/make  -f CMakeFiles/cmTC_c3093.dir/build.make CMakeFiles/cmTC_c3093.dir/build]
  ignore line: [Building CXX object CMakeFiles/cmTC_c3093.dir/CMakeCXXCompilerABI.cpp.o]
  ignore line: [/Library/Developer/CommandLineTools/usr/bin/c++   -arch arm64 -isysroot /Library/Developer/CommandLineTools/SDKs/MacOSX12.0.sdk   -v -Wl -v -MD -MT CMakeFiles/cmTC_c3093.dir/CMakeCXXCompilerABI.cpp.o -MF CMakeFiles/cmTC_c3093.dir/CMakeCXXCompilerABI.cpp.o.d -o CMakeFiles/cmTC_c3093.dir/CMakeCXXCompilerABI.cpp.o -c /opt/homebrew/Cellar/cmake/3.22.0/share/cmake/Modules/CMakeCXXCompilerABI.cpp]
  ignore line: [Apple clang version 13.0.0 (clang-1300.0.29.3)]
  ignore line: [Target: arm64-apple-darwin21.1.0]
  ignore line: [Thread model: posix]
  ignore line: [InstalledDir: /Library/Developer/CommandLineTools/usr/bin]
  ignore line: [clang: warning: -Wl -v: 'linker' input unused [-Wunused-command-line-argument]]
  ignore line: [ "/Library/Developer/CommandLineTools/usr/bin/clang" -cc1 -triple arm64-apple-macosx12.0.0 -Wundef-prefix=TARGET_OS_ -Wdeprecated-objc-isa-usage -Werror=deprecated-objc-isa-usage -Werror=implicit-function-declaration -emit-obj -mrelax-all --mrelax-relocations -disable-free -disable-llvm-verifier -discard-value-names -main-file-name CMakeCXXCompilerABI.cpp -mrelocation-model pic -pic-level 2 -mframe-pointer=non-leaf -fno-strict-return -fno-rounding-math -munwind-tables -target-sdk-version=12.0 -fvisibility-inlines-hidden-static-local-var -target-cpu apple-m1 -target-feature +v8.5a -target-feature +fp-armv8 -target-feature +neon -target-feature +crc -target-feature +crypto -target-feature +dotprod -target-feature +fp16fml -target-feature +ras -target-feature +lse -target-feature +rdm -target-feature +rcpc -target-feature +zcm -target-feature +zcz -target-feature +fullfp16 -target-feature +sm4 -target-feature +sha3 -target-feature +sha2 -target-feature +aes -target-abi darwinpcs -fallow-half-arguments-and-returns -debugger-tuning=lldb -target-linker-version 711 -v -resource-dir /Library/Developer/CommandLineTools/usr/lib/clang/13.0.0 -dependency-file CMakeFiles/cmTC_c3093.dir/CMakeCXXCompilerABI.cpp.o.d -skip-unused-modulemap-deps -MT CMakeFiles/cmTC_c3093.dir/CMakeCXXCompilerABI.cpp.o -sys-header-deps -isysroot /Library/Developer/CommandLineTools/SDKs/MacOSX12.0.sdk -stdlib=libc++ -internal-isystem /Library/Developer/CommandLineTools/SDKs/MacOSX12.0.sdk/usr/include/c++/v1 -internal-isystem /Library/Developer/CommandLineTools/SDKs/MacOSX12.0.sdk/usr/local/include -internal-isystem /Library/Developer/CommandLineTools/usr/lib/clang/13.0.0/include -internal-externc-isystem /Library/Developer/CommandLineTools/SDKs/MacOSX12.0.sdk/usr/include -internal-externc-isystem /Library/Developer/CommandLineTools/usr/include -Wno-reorder-init-list -Wno-implicit-int-float-conversion -Wno-c99-designator -Wno-final-dtor-non-final-class -Wno-extra-semi-stmt -Wno-misleading-indentation -Wno-quoted-include-in-framework-header -Wno-implicit-fallthrough -Wno-enum-enum-conversion -Wno-enum-float-conversion -Wno-elaborated-enum-base -fdeprecated-macro -fdebug-compilation-dir /Users/paulplanchon/dev/raytracing/pray/build/CMakeFiles/CMakeTmp -ferror-limit 19 -stack-protector 1 -fstack-check -mdarwin-stkchk-strong-link -fblocks -fencode-extended-block-signature -fregister-global-dtors-with-atexit -fgnuc-version=4.2.1 -fno-cxx-modules -fcxx-exceptions -fexceptions -fmax-type-align=16 -fcommon -clang-vendor-feature=+nullptrToBoolConversion -clang-vendor-feature=+messageToSelfInClassMethodIdReturnType -clang-vendor-feature=+disableInferNewAvailabilityFromInit -clang-vendor-feature=+disableNeonImmediateRangeCheck -clang-vendor-feature=+disableNonDependentMemberExprInCurrentInstantiation -fno-odr-hash-protocols -clang-vendor-feature=+revert09abecef7bbf -mllvm -disable-aligned-alloc-awareness=1 -mllvm -enable-dse-memoryssa=0 -o CMakeFiles/cmTC_c3093.dir/CMakeCXXCompilerABI.cpp.o -x c++ /opt/homebrew/Cellar/cmake/3.22.0/share/cmake/Modules/CMakeCXXCompilerABI.cpp]
  ignore line: [clang -cc1 version 13.0.0 (clang-1300.0.29.3) default target arm64-apple-darwin21.1.0]
  ignore line: [ignoring nonexistent directory "/Library/Developer/CommandLineTools/SDKs/MacOSX12.0.sdk/usr/local/include"]
  ignore line: [ignoring nonexistent directory "/Library/Developer/CommandLineTools/SDKs/MacOSX12.0.sdk/Library/Frameworks"]
  ignore line: [#include "..." search starts here:]
  ignore line: [#include <...> search starts here:]
  ignore line: [ /Library/Developer/CommandLineTools/SDKs/MacOSX12.0.sdk/usr/include/c++/v1]
  ignore line: [ /Library/Developer/CommandLineTools/usr/lib/clang/13.0.0/include]
  ignore line: [ /Library/Developer/CommandLineTools/SDKs/MacOSX12.0.sdk/usr/include]
  ignore line: [ /Library/Developer/CommandLineTools/usr/include]
  ignore line: [ /Library/Developer/CommandLineTools/SDKs/MacOSX12.0.sdk/System/Library/Frameworks (framework directory)]
  ignore line: [End of search list.]
  ignore line: [Linking CXX executable cmTC_c3093]
  ignore line: [/opt/homebrew/Cellar/cmake/3.22.0/bin/cmake -E cmake_link_script CMakeFiles/cmTC_c3093.dir/link.txt --verbose=1]
  ignore line: [/Library/Developer/CommandLineTools/usr/bin/c++  -arch arm64 -isysroot /Library/Developer/CommandLineTools/SDKs/MacOSX12.0.sdk -Wl -search_paths_first -Wl -headerpad_max_install_names  -v -Wl -v CMakeFiles/cmTC_c3093.dir/CMakeCXXCompilerABI.cpp.o -o cmTC_c3093 ]
  ignore line: [Apple clang version 13.0.0 (clang-1300.0.29.3)]
  ignore line: [Target: arm64-apple-darwin21.1.0]
  ignore line: [Thread model: posix]
  ignore line: [InstalledDir: /Library/Developer/CommandLineTools/usr/bin]
  link line: [ "/Library/Developer/CommandLineTools/usr/bin/ld" -demangle -lto_library /Library/Developer/CommandLineTools/usr/lib/libLTO.dylib -dynamic -arch arm64 -platform_version macos 12.0.0 12.0 -syslibroot /Library/Developer/CommandLineTools/SDKs/MacOSX12.0.sdk -o cmTC_c3093 -search_paths_first -headerpad_max_install_names -v CMakeFiles/cmTC_c3093.dir/CMakeCXXCompilerABI.cpp.o -lc++ -lSystem /Library/Developer/CommandLineTools/usr/lib/clang/13.0.0/lib/darwin/libclang_rt.osx.a]
    arg [/Library/Developer/CommandLineTools/usr/bin/ld] ==> ignore
    arg [-demangle] ==> ignore
    arg [-lto_library] ==> ignore, skip following value
    arg [/Library/Developer/CommandLineTools/usr/lib/libLTO.dylib] ==> skip value of -lto_library
    arg [-dynamic] ==> ignore
    arg [-arch] ==> ignore
    arg [arm64] ==> ignore
    arg [-platform_version] ==> ignore
    arg [macos] ==> ignore
    arg [12.0.0] ==> ignore
    arg [12.0] ==> ignore
    arg [-syslibroot] ==> ignore
    arg [/Library/Developer/CommandLineTools/SDKs/MacOSX12.0.sdk] ==> ignore
    arg [-o] ==> ignore
    arg [cmTC_c3093] ==> ignore
    arg [-search_paths_first] ==> ignore
    arg [-headerpad_max_install_names] ==> ignore
    arg [-v] ==> ignore
    arg [CMakeFiles/cmTC_c3093.dir/CMakeCXXCompilerABI.cpp.o] ==> ignore
    arg [-lc++] ==> lib [c++]
    arg [-lSystem] ==> lib [System]
    arg [/Library/Developer/CommandLineTools/usr/lib/clang/13.0.0/lib/darwin/libclang_rt.osx.a] ==> lib [/Library/Developer/CommandLineTools/usr/lib/clang/13.0.0/lib/darwin/libclang_rt.osx.a]
  Library search paths: [;/Library/Developer/CommandLineTools/SDKs/MacOSX12.0.sdk/usr/lib]
  Framework search paths: [;/Library/Developer/CommandLineTools/SDKs/MacOSX12.0.sdk/System/Library/Frameworks/]
  remove lib [System]
  remove lib [/Library/Developer/CommandLineTools/usr/lib/clang/13.0.0/lib/darwin/libclang_rt.osx.a]
  collapse library dir [/Library/Developer/CommandLineTools/SDKs/MacOSX12.0.sdk/usr/lib] ==> [/Library/Developer/CommandLineTools/SDKs/MacOSX12.0.sdk/usr/lib]
  collapse framework dir [/Library/Developer/CommandLineTools/SDKs/MacOSX12.0.sdk/System/Library/Frameworks/] ==> [/Library/Developer/CommandLineTools/SDKs/MacOSX12.0.sdk/System/Library/Frameworks]
  implicit libs: [c++]
  implicit objs: []
  implicit dirs: [/Library/Developer/CommandLineTools/SDKs/MacOSX12.0.sdk/usr/lib]
  implicit fwks: [/Library/Developer/CommandLineTools/SDKs/MacOSX12.0.sdk/System/Library/Frameworks]


Determining if files alloca.h exist passed with the following output:
Change Dir: /Users/paulplanchon/dev/raytracing/pray/build/CMakeFiles/CMakeTmp

Run Build Command(s):/usr/bin/make -f Makefile cmTC_1225f/fast && /Library/Developer/CommandLineTools/usr/bin/make  -f CMakeFiles/cmTC_1225f.dir/build.make CMakeFiles/cmTC_1225f.dir/build
Building C object CMakeFiles/cmTC_1225f.dir/HAVE_ALLOCA_H.c.o
/Library/Developer/CommandLineTools/usr/bin/cc   -arch arm64 -isysroot /Library/Developer/CommandLineTools/SDKs/MacOSX12.0.sdk -MD -MT CMakeFiles/cmTC_1225f.dir/HAVE_ALLOCA_H.c.o -MF CMakeFiles/cmTC_1225f.dir/HAVE_ALLOCA_H.c.o.d -o CMakeFiles/cmTC_1225f.dir/HAVE_ALLOCA_H.c.o -c /Users/paulplanchon/dev/raytracing/pray/build/CMakeFiles/CheckIncludeFiles/HAVE_ALLOCA_H.c
Linking C executable cmTC_1225f
/opt/homebrew/Cellar/cmake/3.22.0/bin/cmake -E cmake_link_script CMakeFiles/cmTC_1225f.dir/link.txt --verbose=1
/Library/Developer/CommandLineTools/usr/bin/cc  -arch arm64 -isysroot /Library/Developer/CommandLineTools/SDKs/MacOSX12.0.sdk -Wl,-search_paths_first -Wl,-headerpad_max_install_names CMakeFiles/cmTC_1225f.dir/HAVE_ALLOCA_H.c.o -o cmTC_1225f 



Determining if files memory.h exist passed with the following output:
Change Dir: /Users/paulplanchon/dev/raytracing/pray/build/CMakeFiles/CMakeTmp

Run Build Command(s):/usr/bin/make -f Makefile cmTC_4082b/fast && /Library/Developer/CommandLineTools/usr/bin/make  -f CMakeFiles/cmTC_4082b.dir/build.make CMakeFiles/cmTC_4082b.dir/build
Building C object CMakeFiles/cmTC_4082b.dir/HAVE_MEMORY_H.c.o
/Library/Developer/CommandLineTools/usr/bin/cc   -arch arm64 -isysroot /Library/Developer/CommandLineTools/SDKs/MacOSX12.0.sdk -MD -MT CMakeFiles/cmTC_4082b.dir/HAVE_MEMORY_H.c.o -MF CMakeFiles/cmTC_4082b.dir/HAVE_MEMORY_H.c.o.d -o CMakeFiles/cmTC_4082b.dir/HAVE_MEMORY_H.c.o -c /Users/paulplanchon/dev/raytracing/pray/build/CMakeFiles/CheckIncludeFiles/HAVE_MEMORY_H.c
Linking C executable cmTC_4082b
/opt/homebrew/Cellar/cmake/3.22.0/bin/cmake -E cmake_link_script CMakeFiles/cmTC_4082b.dir/link.txt --verbose=1
/Library/Developer/CommandLineTools/usr/bin/cc  -arch arm64 -isysroot /Library/Developer/CommandLineTools/SDKs/MacOSX12.0.sdk -Wl,-search_paths_first -Wl,-headerpad_max_install_names CMakeFiles/cmTC_4082b.dir/HAVE_MEMORY_H.c.o -o cmTC_4082b 



Performing C++ SOURCE FILE Test HAVE_HEX_FP_CONSTANTS succeeded with the following output:
Change Dir: /Users/paulplanchon/dev/raytracing/pray/build/CMakeFiles/CMakeTmp

Run Build Command(s):/usr/bin/make -f Makefile cmTC_3609b/fast && /Library/Developer/CommandLineTools/usr/bin/make  -f CMakeFiles/cmTC_3609b.dir/build.make CMakeFiles/cmTC_3609b.dir/build
Building CXX object CMakeFiles/cmTC_3609b.dir/src.cxx.o
/Library/Developer/CommandLineTools/usr/bin/c++ -DHAVE_HEX_FP_CONSTANTS  -arch arm64 -isysroot /Library/Developer/CommandLineTools/SDKs/MacOSX12.0.sdk -MD -MT CMakeFiles/cmTC_3609b.dir/src.cxx.o -MF CMakeFiles/cmTC_3609b.dir/src.cxx.o.d -o CMakeFiles/cmTC_3609b.dir/src.cxx.o -c /Users/paulplanchon/dev/raytracing/pray/build/CMakeFiles/CMakeTmp/src.cxx
Linking CXX executable cmTC_3609b
/opt/homebrew/Cellar/cmake/3.22.0/bin/cmake -E cmake_link_script CMakeFiles/cmTC_3609b.dir/link.txt --verbose=1
/Library/Developer/CommandLineTools/usr/bin/c++  -arch arm64 -isysroot /Library/Developer/CommandLineTools/SDKs/MacOSX12.0.sdk -Wl,-search_paths_first -Wl,-headerpad_max_install_names CMakeFiles/cmTC_3609b.dir/src.cxx.o -o cmTC_3609b 


Source file was:
int main() { float x = 0x1p-32f; }
Performing C++ SOURCE FILE Test HAVE_BINARY_CONSTANTS succeeded with the following output:
Change Dir: /Users/paulplanchon/dev/raytracing/pray/build/CMakeFiles/CMakeTmp

Run Build Command(s):/usr/bin/make -f Makefile cmTC_5eb51/fast && /Library/Developer/CommandLineTools/usr/bin/make  -f CMakeFiles/cmTC_5eb51.dir/build.make CMakeFiles/cmTC_5eb51.dir/build
Building CXX object CMakeFiles/cmTC_5eb51.dir/src.cxx.o
/Library/Developer/CommandLineTools/usr/bin/c++ -DHAVE_BINARY_CONSTANTS  -arch arm64 -isysroot /Library/Developer/CommandLineTools/SDKs/MacOSX12.0.sdk -MD -MT CMakeFiles/cmTC_5eb51.dir/src.cxx.o -MF CMakeFiles/cmTC_5eb51.dir/src.cxx.o.d -o CMakeFiles/cmTC_5eb51.dir/src.cxx.o -c /Users/paulplanchon/dev/raytracing/pray/build/CMakeFiles/CMakeTmp/src.cxx
Linking CXX executable cmTC_5eb51
/opt/homebrew/Cellar/cmake/3.22.0/bin/cmake -E cmake_link_script CMakeFiles/cmTC_5eb51.dir/link.txt --verbose=1
/Library/Developer/CommandLineTools/usr/bin/c++  -arch arm64 -isysroot /Library/Developer/CommandLineTools/SDKs/MacOSX12.0.sdk -Wl,-search_paths_first -Wl,-headerpad_max_install_names CMakeFiles/cmTC_5eb51.dir/src.cxx.o -o cmTC_5eb51 


Source file was:
int main() { int x = 0b101011; }
Performing C++ SOURCE FILE Test HAVE_ITIMER succeeded with the following compile output:
Change Dir: /Users/paulplanchon/dev/raytracing/pray/build/CMakeFiles/CMakeTmp

Run Build Command(s):/usr/bin/make -f Makefile cmTC_e3500/fast && /Library/Developer/CommandLineTools/usr/bin/make  -f CMakeFiles/cmTC_e3500.dir/build.make CMakeFiles/cmTC_e3500.dir/build
Building CXX object CMakeFiles/cmTC_e3500.dir/src.cxx.o
/Library/Developer/CommandLineTools/usr/bin/c++ -DHAVE_ITIMER  -arch arm64 -isysroot /Library/Developer/CommandLineTools/SDKs/MacOSX12.0.sdk -MD -MT CMakeFiles/cmTC_e3500.dir/src.cxx.o -MF CMakeFiles/cmTC_e3500.dir/src.cxx.o.d -o CMakeFiles/cmTC_e3500.dir/src.cxx.o -c /Users/paulplanchon/dev/raytracing/pray/build/CMakeFiles/CMakeTmp/src.cxx
Linking CXX executable cmTC_e3500
/opt/homebrew/Cellar/cmake/3.22.0/bin/cmake -E cmake_link_script CMakeFiles/cmTC_e3500.dir/link.txt --verbose=1
/Library/Developer/CommandLineTools/usr/bin/c++  -arch arm64 -isysroot /Library/Developer/CommandLineTools/SDKs/MacOSX12.0.sdk -Wl,-search_paths_first -Wl,-headerpad_max_install_names CMakeFiles/cmTC_e3500.dir/src.cxx.o -o cmTC_e3500 


...and run output:

Return value: 1
Source file was:

#include <signal.h>
#include <string.h>
#include <sys/time.h>
void ReportProfileSample(int, siginfo_t *, void *) { }
int main() {
    struct sigaction sa;
    memset(&sa, 0, sizeof(sa));
    sa.sa_sigaction = ReportProfileSample;
    sa.sa_flags = SA_RESTART | SA_SIGINFO;
    sigemptyset(&sa.sa_mask);
    sigaction(SIGPROF, &sa, NULL);
    static struct itimerval timer;
    return setitimer(ITIMER_PROF, &timer, NULL) == 0 ? 0 : 1;
}

Performing C++ SOURCE FILE Test HAVE_MMAP succeeded with the following output:
Change Dir: /Users/paulplanchon/dev/raytracing/pray/build/CMakeFiles/CMakeTmp

Run Build Command(s):/usr/bin/make -f Makefile cmTC_62cfa/fast && /Library/Developer/CommandLineTools/usr/bin/make  -f CMakeFiles/cmTC_62cfa.dir/build.make CMakeFiles/cmTC_62cfa.dir/build
Building CXX object CMakeFiles/cmTC_62cfa.dir/src.cxx.o
/Library/Developer/CommandLineTools/usr/bin/c++ -DHAVE_MMAP  -arch arm64 -isysroot /Library/Developer/CommandLineTools/SDKs/MacOSX12.0.sdk -MD -MT CMakeFiles/cmTC_62cfa.dir/src.cxx.o -MF CMakeFiles/cmTC_62cfa.dir/src.cxx.o.d -o CMakeFiles/cmTC_62cfa.dir/src.cxx.o -c /Users/paulplanchon/dev/raytracing/pray/build/CMakeFiles/CMakeTmp/src.cxx
Linking CXX executable cmTC_62cfa
/opt/homebrew/Cellar/cmake/3.22.0/bin/cmake -E cmake_link_script CMakeFiles/cmTC_62cfa.dir/link.txt --verbose=1
/Library/Developer/CommandLineTools/usr/bin/c++  -arch arm64 -isysroot /Library/Developer/CommandLineTools/SDKs/MacOSX12.0.sdk -Wl,-search_paths_first -Wl,-headerpad_max_install_names CMakeFiles/cmTC_62cfa.dir/src.cxx.o -o cmTC_62cfa 


Source file was:

#include <fcntl.h>
#include <sys/mman.h>
#include <sys/stat.h>
#include <sys/types.h>
int main() {
   int fd = open("foo", O_RDONLY);
   struct stat s;
   fstat(fd, &s);
   size_t len = s.st_size;
   void *ptr = mmap(0, len, PROT_READ, MAP_FILE | MAP_SHARED, fd, 0);
   munmap(ptr, len);   
}

Performing C++ SOURCE FILE Test HAVE_ATTRIBUTE_NOINLINE succeeded with the following output:
Change Dir: /Users/paulplanchon/dev/raytracing/pray/build/CMakeFiles/CMakeTmp

Run Build Command(s):/usr/bin/make -f Makefile cmTC_b4c9c/fast && /Library/Developer/CommandLineTools/usr/bin/make  -f CMakeFiles/cmTC_b4c9c.dir/build.make CMakeFiles/cmTC_b4c9c.dir/build
Building CXX object CMakeFiles/cmTC_b4c9c.dir/src.cxx.o
/Library/Developer/CommandLineTools/usr/bin/c++ -DHAVE_ATTRIBUTE_NOINLINE  -arch arm64 -isysroot /Library/Developer/CommandLineTools/SDKs/MacOSX12.0.sdk -MD -MT CMakeFiles/cmTC_b4c9c.dir/src.cxx.o -MF CMakeFiles/cmTC_b4c9c.dir/src.cxx.o.d -o CMakeFiles/cmTC_b4c9c.dir/src.cxx.o -c /Users/paulplanchon/dev/raytracing/pray/build/CMakeFiles/CMakeTmp/src.cxx
Linking CXX executable cmTC_b4c9c
/opt/homebrew/Cellar/cmake/3.22.0/bin/cmake -E cmake_link_script CMakeFiles/cmTC_b4c9c.dir/link.txt --verbose=1
/Library/Developer/CommandLineTools/usr/bin/c++  -arch arm64 -isysroot /Library/Developer/CommandLineTools/SDKs/MacOSX12.0.sdk -Wl,-search_paths_first -Wl,-headerpad_max_install_names CMakeFiles/cmTC_b4c9c.dir/src.cxx.o -o cmTC_b4c9c 


Source file was:
__attribute__((noinline)) void foo() { }
int main() { }
Performing C++ SOURCE FILE Test HAVE_POSIX_MEMALIGN succeeded with the following output:
Change Dir: /Users/paulplanchon/dev/raytracing/pray/build/CMakeFiles/CMakeTmp

Run Build Command(s):/usr/bin/make -f Makefile cmTC_fc8b9/fast && /Library/Developer/CommandLineTools/usr/bin/make  -f CMakeFiles/cmTC_fc8b9.dir/build.make CMakeFiles/cmTC_fc8b9.dir/build
Building CXX object CMakeFiles/cmTC_fc8b9.dir/src.cxx.o
/Library/Developer/CommandLineTools/usr/bin/c++ -DHAVE_POSIX_MEMALIGN  -arch arm64 -isysroot /Library/Developer/CommandLineTools/SDKs/MacOSX12.0.sdk -MD -MT CMakeFiles/cmTC_fc8b9.dir/src.cxx.o -MF CMakeFiles/cmTC_fc8b9.dir/src.cxx.o.d -o CMakeFiles/cmTC_fc8b9.dir/src.cxx.o -c /Users/paulplanchon/dev/raytracing/pray/build/CMakeFiles/CMakeTmp/src.cxx
Linking CXX executable cmTC_fc8b9
/opt/homebrew/Cellar/cmake/3.22.0/bin/cmake -E cmake_link_script CMakeFiles/cmTC_fc8b9.dir/link.txt --verbose=1
/Library/Developer/CommandLineTools/usr/bin/c++  -arch arm64 -isysroot /Library/Developer/CommandLineTools/SDKs/MacOSX12.0.sdk -Wl,-search_paths_first -Wl,-headerpad_max_install_names CMakeFiles/cmTC_fc8b9.dir/src.cxx.o -o cmTC_fc8b9 


Source file was:

#include <stdlib.h>
int main() {
  void *ptr;
  posix_memalign(&ptr, 32, 1024);
} 
Performing C++ SOURCE FILE Test HAVE___THREAD succeeded with the following output:
Change Dir: /Users/paulplanchon/dev/raytracing/pray/build/CMakeFiles/CMakeTmp

Run Build Command(s):/usr/bin/make -f Makefile cmTC_67312/fast && /Library/Developer/CommandLineTools/usr/bin/make  -f CMakeFiles/cmTC_67312.dir/build.make CMakeFiles/cmTC_67312.dir/build
Building CXX object CMakeFiles/cmTC_67312.dir/src.cxx.o
/Library/Developer/CommandLineTools/usr/bin/c++ -DHAVE___THREAD  -arch arm64 -isysroot /Library/Developer/CommandLineTools/SDKs/MacOSX12.0.sdk -MD -MT CMakeFiles/cmTC_67312.dir/src.cxx.o -MF CMakeFiles/cmTC_67312.dir/src.cxx.o.d -o CMakeFiles/cmTC_67312.dir/src.cxx.o -c /Users/paulplanchon/dev/raytracing/pray/build/CMakeFiles/CMakeTmp/src.cxx
Linking CXX executable cmTC_67312
/opt/homebrew/Cellar/cmake/3.22.0/bin/cmake -E cmake_link_script CMakeFiles/cmTC_67312.dir/link.txt --verbose=1
/Library/Developer/CommandLineTools/usr/bin/c++  -arch arm64 -isysroot /Library/Developer/CommandLineTools/SDKs/MacOSX12.0.sdk -Wl,-search_paths_first -Wl,-headerpad_max_install_names CMakeFiles/cmTC_67312.dir/src.cxx.o -o cmTC_67312 


Source file was:

__thread int x; int main() { }

